[0m09:32:04.215918 [debug] [MainThread]: Sending event: {'category': 'dbt', 'action': 'invocation', 'label': 'start', 'context': [<snowplow_tracker.self_describing_json.SelfDescribingJson object at 0x000002C346166F00>, <snowplow_tracker.self_describing_json.SelfDescribingJson object at 0x000002C34603B8F0>, <snowplow_tracker.self_describing_json.SelfDescribingJson object at 0x000002C34691BA40>]}


============================== 09:32:04.219939 | 84acbe04-e85b-43e4-9d5c-25e929830997 ==============================
[0m09:32:04.219939 [info ] [MainThread]: Running with dbt=1.10.7
[0m09:32:04.219939 [debug] [MainThread]: running dbt with arguments {'printer_width': '80', 'indirect_selection': 'eager', 'log_cache_events': 'False', 'write_json': 'True', 'partial_parse': 'True', 'cache_selected_only': 'False', 'profiles_dir': 'C:\\Users\\ADMIN\\.dbt', 'debug': 'False', 'warn_error': 'None', 'log_path': 'logs', 'version_check': 'True', 'fail_fast': 'False', 'use_colors': 'True', 'use_experimental_parser': 'False', 'no_print': 'None', 'quiet': 'False', 'empty': 'None', 'warn_error_options': 'WarnErrorOptionsV2(error=[], warn=[], silence=[])', 'introspect': 'True', 'static_parser': 'True', 'log_format': 'default', 'target_path': 'None', 'invocation_command': 'dbt init', 'send_anonymous_usage_stats': 'True'}
[0m09:32:10.758614 [debug] [MainThread]: Starter project path: C:\Users\ADMIN\miniconda3\Lib\site-packages\dbt\include\starter_project
[0m09:32:10.788159 [info ] [MainThread]: 
Your new dbt project "dbt_project" was created!

For more information on how to configure the profiles.yml file,
please consult the dbt documentation here:

  https://docs.getdbt.com/docs/configure-your-profile

One more thing:

Need help? Don't hesitate to reach out to us via GitHub issues or on Slack:

  https://community.getdbt.com/

Happy modeling!

[0m09:32:10.789687 [info ] [MainThread]: Setting up your profile.
[0m09:32:45.619939 [debug] [MainThread]: Command `dbt init` succeeded at 09:32:45.619939 after 41.56 seconds
[0m09:32:45.619939 [debug] [MainThread]: Sending event: {'category': 'dbt', 'action': 'invocation', 'label': 'end', 'context': [<snowplow_tracker.self_describing_json.SelfDescribingJson object at 0x000002C346166F00>, <snowplow_tracker.self_describing_json.SelfDescribingJson object at 0x000002C345AAFF80>, <snowplow_tracker.self_describing_json.SelfDescribingJson object at 0x000002C345AAFF50>]}
[0m09:32:45.619939 [debug] [MainThread]: Flushing usage events
[0m09:32:46.990865 [debug] [MainThread]: An error was encountered while trying to flush usage events
[0m09:38:17.632992 [debug] [MainThread]: Sending event: {'category': 'dbt', 'action': 'invocation', 'label': 'start', 'context': [<snowplow_tracker.self_describing_json.SelfDescribingJson object at 0x000001E35FFD0C50>, <snowplow_tracker.self_describing_json.SelfDescribingJson object at 0x000001E35FB5ACC0>, <snowplow_tracker.self_describing_json.SelfDescribingJson object at 0x000001E3600327E0>]}


============================== 09:38:17.637693 | deba91bd-0380-4ace-a736-d63e3cc2a72c ==============================
[0m09:38:17.637693 [info ] [MainThread]: Running with dbt=1.10.7
[0m09:38:17.638690 [debug] [MainThread]: running dbt with arguments {'printer_width': '80', 'indirect_selection': 'eager', 'log_cache_events': 'False', 'write_json': 'True', 'partial_parse': 'True', 'cache_selected_only': 'False', 'warn_error': 'None', 'version_check': 'True', 'debug': 'False', 'log_path': 'logs', 'fail_fast': 'False', 'profiles_dir': 'C:\\Users\\ADMIN\\.dbt', 'use_colors': 'True', 'use_experimental_parser': 'False', 'no_print': 'None', 'quiet': 'False', 'empty': 'None', 'log_format': 'default', 'static_parser': 'True', 'invocation_command': 'dbt debug', 'introspect': 'True', 'target_path': 'None', 'warn_error_options': 'WarnErrorOptionsV2(error=[], warn=[], silence=[])', 'send_anonymous_usage_stats': 'True'}
[0m09:38:17.653214 [info ] [MainThread]: dbt version: 1.10.7
[0m09:38:17.653214 [info ] [MainThread]: python version: 3.12.9
[0m09:38:17.654717 [info ] [MainThread]: python path: C:\Users\ADMIN\miniconda3\python.exe
[0m09:38:17.654717 [info ] [MainThread]: os info: Windows-11-10.0.26100-SP0
[0m09:38:17.720065 [info ] [MainThread]: Using profiles dir at C:\Users\ADMIN\.dbt
[0m09:38:17.721238 [info ] [MainThread]: Using profiles.yml file at C:\Users\ADMIN\.dbt\profiles.yml
[0m09:38:17.722135 [info ] [MainThread]: Using dbt_project.yml file at D:\DE\learn-data-engineering-zoomcamp\dbt_cli_project\dbt_project.yml
[0m09:38:17.723142 [info ] [MainThread]: adapter type: postgres
[0m09:38:17.723142 [info ] [MainThread]: adapter version: 1.9.0
[0m09:38:17.724878 [info ] [MainThread]: Configuration:
[0m09:38:17.724878 [info ] [MainThread]:   profiles.yml file [[32mOK found and valid[0m]
[0m09:38:17.725903 [info ] [MainThread]:   dbt_project.yml file [[31mERROR not found[0m]
[0m09:38:17.725903 [info ] [MainThread]: Required dependencies:
[0m09:38:17.726912 [debug] [MainThread]: Executing "git --help"
[0m09:38:17.746007 [debug] [MainThread]: STDOUT: "b"usage: git [-v | --version] [-h | --help] [-C <path>] [-c <name>=<value>]\n           [--exec-path[=<path>]] [--html-path] [--man-path] [--info-path]\n           [-p | --paginate | -P | --no-pager] [--no-replace-objects] [--no-lazy-fetch]\n           [--no-optional-locks] [--no-advice] [--bare] [--git-dir=<path>]\n           [--work-tree=<path>] [--namespace=<name>] [--config-env=<name>=<envvar>]\n           <command> [<args>]\n\nThese are common Git commands used in various situations:\n\nstart a working area (see also: git help tutorial)\n   clone      Clone a repository into a new directory\n   init       Create an empty Git repository or reinitialize an existing one\n\nwork on the current change (see also: git help everyday)\n   add        Add file contents to the index\n   mv         Move or rename a file, a directory, or a symlink\n   restore    Restore working tree files\n   rm         Remove files from the working tree and from the index\n\nexamine the history and state (see also: git help revisions)\n   bisect     Use binary search to find the commit that introduced a bug\n   diff       Show changes between commits, commit and working tree, etc\n   grep       Print lines matching a pattern\n   log        Show commit logs\n   show       Show various types of objects\n   status     Show the working tree status\n\ngrow, mark and tweak your common history\n   backfill   Download missing objects in a partial clone\n   branch     List, create, or delete branches\n   commit     Record changes to the repository\n   merge      Join two or more development histories together\n   rebase     Reapply commits on top of another base tip\n   reset      Reset current HEAD to the specified state\n   switch     Switch branches\n   tag        Create, list, delete or verify a tag object signed with GPG\n\ncollaborate (see also: git help workflows)\n   fetch      Download objects and refs from another repository\n   pull       Fetch from and integrate with another repository or a local branch\n   push       Update remote refs along with associated objects\n\n'git help -a' and 'git help -g' list available subcommands and some\nconcept guides. See 'git help <command>' or 'git help <concept>'\nto read about a specific subcommand or concept.\nSee 'git help git' for an overview of the system.\n""
[0m09:38:17.747184 [debug] [MainThread]: STDERR: "b''"
[0m09:38:17.747184 [info ] [MainThread]:  - git [[32mOK found[0m]

[0m09:38:17.748230 [info ] [MainThread]: Connection:
[0m09:38:17.749241 [info ] [MainThread]:   host: localhost
[0m09:38:17.749241 [info ] [MainThread]:   port: 5432
[0m09:38:17.750238 [info ] [MainThread]:   user: root
[0m09:38:17.751243 [info ] [MainThread]:   database: ny_taxi
[0m09:38:17.752238 [info ] [MainThread]:   schema: dbt
[0m09:38:17.753239 [info ] [MainThread]:   connect_timeout: 10
[0m09:38:17.753239 [info ] [MainThread]:   role: None
[0m09:38:17.754745 [info ] [MainThread]:   search_path: None
[0m09:38:17.754745 [info ] [MainThread]:   keepalives_idle: 0
[0m09:38:17.756754 [info ] [MainThread]:   sslmode: None
[0m09:38:17.756754 [info ] [MainThread]:   sslcert: None
[0m09:38:17.758262 [info ] [MainThread]:   sslkey: None
[0m09:38:17.758262 [info ] [MainThread]:   sslrootcert: None
[0m09:38:17.759269 [info ] [MainThread]:   application_name: dbt
[0m09:38:17.760269 [info ] [MainThread]:   retries: 1
[0m09:38:17.760269 [info ] [MainThread]: Registered adapter: postgres=1.9.0
[0m09:38:17.902400 [debug] [MainThread]: Acquiring new postgres connection 'debug'
[0m09:38:18.029108 [debug] [MainThread]: Using postgres connection "debug"
[0m09:38:18.029108 [debug] [MainThread]: On debug: select 1 as id
[0m09:38:18.029108 [debug] [MainThread]: Opening a new connection, currently in state init
[0m09:38:18.064544 [debug] [MainThread]: SQL status: SELECT 1 in 0.035 seconds
[0m09:38:18.064544 [debug] [MainThread]: On debug: Close
[0m09:38:18.064544 [info ] [MainThread]:   Connection test: [[32mOK connection ok[0m]

[0m09:38:18.066330 [info ] [MainThread]: [31m1 check failed:[0m
[0m09:38:18.066330 [info ] [MainThread]: Project loading failed for the following reason:
 project path <D:\DE\learn-data-engineering-zoomcamp\dbt_cli_project\dbt_project.yml> not found

[0m09:38:18.067854 [debug] [MainThread]: Command `dbt debug` failed at 09:38:18.067854 after 0.59 seconds
[0m09:38:18.067854 [debug] [MainThread]: Connection 'debug' was properly closed.
[0m09:38:18.069379 [debug] [MainThread]: Sending event: {'category': 'dbt', 'action': 'invocation', 'label': 'end', 'context': [<snowplow_tracker.self_describing_json.SelfDescribingJson object at 0x000001E35FF2A210>, <snowplow_tracker.self_describing_json.SelfDescribingJson object at 0x000001E35FF2A7E0>, <snowplow_tracker.self_describing_json.SelfDescribingJson object at 0x000001E35FF28650>]}
[0m09:38:18.069379 [debug] [MainThread]: Flushing usage events
[0m09:38:19.831635 [debug] [MainThread]: An error was encountered while trying to flush usage events
